Determining if the pthread_create exist failed with the following output:
Change Dir: /home/keith/Development/Warparty/ilang/ilang-edit/build/CMakeFiles/CMakeTmp

Run Build Command:"/usr/bin/make" "cmTC_cbde7/fast"
/usr/bin/make -f CMakeFiles/cmTC_cbde7.dir/build.make CMakeFiles/cmTC_cbde7.dir/build
make[1]: Entering directory '/home/keith/Development/Warparty/ilang/ilang-edit/build/CMakeFiles/CMakeTmp'
Building C object CMakeFiles/cmTC_cbde7.dir/CheckSymbolExists.c.o
/usr/bin/cc    -o CMakeFiles/cmTC_cbde7.dir/CheckSymbolExists.c.o   -c /home/keith/Development/Warparty/ilang/ilang-edit/build/CMakeFiles/CMakeTmp/CheckSymbolExists.c
Linking C executable cmTC_cbde7
/usr/bin/cmake -E cmake_link_script CMakeFiles/cmTC_cbde7.dir/link.txt --verbose=1
/usr/bin/cc      -rdynamic CMakeFiles/cmTC_cbde7.dir/CheckSymbolExists.c.o  -o cmTC_cbde7 
/usr/bin/ld: CMakeFiles/cmTC_cbde7.dir/CheckSymbolExists.c.o: in function `main':
CheckSymbolExists.c:(.text+0x1b): undefined reference to `pthread_create'
collect2: error: ld returned 1 exit status
make[1]: *** [CMakeFiles/cmTC_cbde7.dir/build.make:87: cmTC_cbde7] Error 1
make[1]: Leaving directory '/home/keith/Development/Warparty/ilang/ilang-edit/build/CMakeFiles/CMakeTmp'
make: *** [Makefile:121: cmTC_cbde7/fast] Error 2

File /home/keith/Development/Warparty/ilang/ilang-edit/build/CMakeFiles/CMakeTmp/CheckSymbolExists.c:
/* */
#include <pthread.h>

int main(int argc, char** argv)
{
  (void)argv;
#ifndef pthread_create
  return ((int*)(&pthread_create))[argc];
#else
  (void)argc;
  return 0;
#endif
}

Determining if the function pthread_create exists in the pthreads failed with the following output:
Change Dir: /home/keith/Development/Warparty/ilang/ilang-edit/build/CMakeFiles/CMakeTmp

Run Build Command:"/usr/bin/make" "cmTC_489ee/fast"
/usr/bin/make -f CMakeFiles/cmTC_489ee.dir/build.make CMakeFiles/cmTC_489ee.dir/build
make[1]: Entering directory '/home/keith/Development/Warparty/ilang/ilang-edit/build/CMakeFiles/CMakeTmp'
Building C object CMakeFiles/cmTC_489ee.dir/CheckFunctionExists.c.o
/usr/bin/cc   -DCHECK_FUNCTION_EXISTS=pthread_create   -o CMakeFiles/cmTC_489ee.dir/CheckFunctionExists.c.o   -c /usr/share/cmake-3.13/Modules/CheckFunctionExists.c
Linking C executable cmTC_489ee
/usr/bin/cmake -E cmake_link_script CMakeFiles/cmTC_489ee.dir/link.txt --verbose=1
/usr/bin/cc  -DCHECK_FUNCTION_EXISTS=pthread_create    -rdynamic CMakeFiles/cmTC_489ee.dir/CheckFunctionExists.c.o  -o cmTC_489ee -lpthreads 
/usr/bin/ld: cannot find -lpthreads
collect2: error: ld returned 1 exit status
make[1]: *** [CMakeFiles/cmTC_489ee.dir/build.make:87: cmTC_489ee] Error 1
make[1]: Leaving directory '/home/keith/Development/Warparty/ilang/ilang-edit/build/CMakeFiles/CMakeTmp'
make: *** [Makefile:121: cmTC_489ee/fast] Error 2


